<?xml version="1.0" encoding="utf-8"?><testsuites name="pytest tests"><testsuite name="pytest" errors="0" failures="0" skipped="0" tests="8" time="4.657" timestamp="2026-06-30T18:08:18.173321+00:00" hostname="agent-env-1124d24e-237c-4541-813c-48e6a6fb46b4"><testcase classname="tests.test_image_upload_storage.TestImageUpload" name="test_upload_png_returns_path_url_size" time="2.271" /><testcase classname="tests.test_image_upload_storage.TestImageUpload" name="test_upload_no_auth_returns_401" time="0.141" /><testcase classname="tests.test_image_upload_storage.TestImageUpload" name="test_upload_non_image_returns_400" time="0.106" /><testcase classname="tests.test_image_upload_storage.TestImageUpload" name="test_upload_over_2mb_returns_400" time="0.607" /><testcase classname="tests.test_image_upload_storage.TestFileServe" name="test_download_uploaded_returns_image_and_cache" time="0.220" /><testcase classname="tests.test_image_upload_storage.TestFileServe" name="test_files_bad_prefix_returns_404" time="0.107" /><testcase classname="tests.test_image_upload_storage.TestFileServe" name="test_files_nonexistent_returns_404" time="0.484" /><testcase classname="tests.test_image_upload_storage.TestStylistPhotoIntegration" name="test_stylist_patch_photo_url_persists" time="0.556" /></testsuite></testsuites>