<?xml version="1.0" encoding="utf-8"?><testsuites name="pytest tests"><testsuite name="pytest" errors="0" failures="0" skipped="0" tests="8" time="3.824" timestamp="2026-07-01T09:16:36.561602+00:00" hostname="agent-env-1124d24e-237c-4541-813c-48e6a6fb46b4"><testcase classname="tests.test_multi_location_phase4.TestSalonsFilter" name="test_all_active_salons" time="0.277" /><testcase classname="tests.test_multi_location_phase4.TestSalonsFilter" name="test_service_filter_excludes_off_salons" time="1.818" /><testcase classname="tests.test_multi_location_phase4.TestSalonSlots" name="test_returns_slots_for_valid_salon_service_date" time="0.116" /><testcase classname="tests.test_multi_location_phase4.TestSalonSlots" name="test_salon_with_service_off_returns_empty_slots" time="0.423" /><testcase classname="tests.test_multi_location_phase4.TestSalonSlots" name="test_unknown_salon_returns_404" time="0.094" /><testcase classname="tests.test_multi_location_phase4.TestByslot" name="test_by_slot_returns_stylists_offering_service_at_salon" time="0.209" /><testcase classname="tests.test_multi_location_phase4.TestByslot" name="test_booking_removes_stylist_from_by_slot" time="0.498" /><testcase classname="tests.test_multi_location_phase4.TestPerStylistAvailabilityRegression" name="test_per_stylist_availability_still_works" time="0.306" /></testsuite></testsuites>