<?xml version="1.0" encoding="utf-8"?><testsuites name="pytest tests"><testsuite name="pytest" errors="0" failures="0" skipped="0" tests="20" time="4.547" timestamp="2026-06-30T23:06:55.110758+00:00" hostname="agent-env-1124d24e-237c-4541-813c-48e6a6fb46b4"><testcase classname="tests.test_multi_location_phase1.TestStylistSalonId" name="test_all_existing_stylists_have_default_salon" time="2.355" /><testcase classname="tests.test_multi_location_phase1.TestStylistSalonId" name="test_create_stylist_unknown_salon_rejected" time="0.093" /><testcase classname="tests.test_multi_location_phase1.TestStylistSalonId" name="test_create_stylist_with_test_salon" time="0.199" /><testcase classname="tests.test_multi_location_phase1.TestStylistSalonId" name="test_owner_stylists_filter_by_salon" time="0.092" /><testcase classname="tests.test_multi_location_phase1.TestStylistSalonId" name="test_public_stylists_filter_by_salon" time="0.044" /><testcase classname="tests.test_multi_location_phase1.TestStylistSalonId" name="test_new_booking_inherits_stylist_salon_id" time="0.051" /><testcase classname="tests.test_multi_location_phase1.TestOwnerBookingFilters" name="test_owner_bookings_carry_salon_id" time="0.091" /><testcase classname="tests.test_multi_location_phase1.TestOwnerBookingFilters" name="test_owner_bookings_salon_main_filter" time="0.106" /><testcase classname="tests.test_multi_location_phase1.TestOwnerBookingFilters" name="test_owner_bookings_other_salon_zero" time="0.052" /><testcase classname="tests.test_multi_location_phase1.TestOwnerBookingFilters" name="test_revenue_insights_filter" time="0.108" /><testcase classname="tests.test_multi_location_phase1.TestOwnerBookingFilters" name="test_no_shows_filter" time="0.060" /><testcase classname="tests.test_multi_location_phase1.TestOwnerSalonCRUD" name="test_a_create_test_branch" time="0.094" /><testcase classname="tests.test_multi_location_phase1.TestOwnerSalonCRUD" name="test_b_patch_updates_address" time="0.091" /><testcase classname="tests.test_multi_location_phase1.TestOwnerSalonCRUD" name="test_c_cannot_archive_default" time="0.048" /><testcase classname="tests.test_multi_location_phase1.TestOwnerSalonCRUD" name="test_d_archive_test_branch_then_public_hides_it" time="0.147" /><testcase classname="tests.test_multi_location_phase1.TestOwnerSalonsAuth" name="test_owner_salons_requires_auth" time="0.044" /><testcase classname="tests.test_multi_location_phase1.TestOwnerSalonsAuth" name="test_owner_salons_with_token" time="0.045" /><testcase classname="tests.test_multi_location_phase1.TestZCleanup" name="test_cleanup_test_stylist" time="0.047" /><testcase classname="tests.test_multi_location_phase1.TestZCleanup" name="test_cleanup_test_salon" time="0.044" /><testcase classname="tests.test_multi_location_phase1.TestPublicSalons" name="test_public_salons_returns_default" time="0.090" /></testsuite></testsuites>