<?xml version="1.0" encoding="utf-8"?><testsuites name="pytest tests"><testsuite name="pytest" errors="0" failures="0" skipped="0" tests="27" time="5.832" timestamp="2026-07-01T06:15:38.506876+00:00" hostname="agent-env-1124d24e-237c-4541-813c-48e6a6fb46b4"><testcase classname="tests.test_multi_location_phase3.TestOwnerManagersCRUD" name="test_list_requires_auth" time="2.147" /><testcase classname="tests.test_multi_location_phase3.TestOwnerManagersCRUD" name="test_list_authorized" time="0.387" /><testcase classname="tests.test_multi_location_phase3.TestOwnerManagersCRUD" name="test_create_manager_main" time="0.085" /><testcase classname="tests.test_multi_location_phase3.TestOwnerManagersCRUD" name="test_reject_owner_phone" time="0.041" /><testcase classname="tests.test_multi_location_phase3.TestOwnerManagersCRUD" name="test_reject_unknown_salon" time="0.082" /><testcase classname="tests.test_multi_location_phase3.TestOwnerManagersCRUD" name="test_duplicate_manager_phone_conflict" time="0.082" /><testcase classname="tests.test_multi_location_phase3.TestOwnerManagersCRUD" name="test_conflict_with_active_stylist" time="0.090" /><testcase classname="tests.test_multi_location_phase3.TestOwnerManagersCRUD" name="test_create_qa_manager" time="0.165" /><testcase classname="tests.test_multi_location_phase3.TestOwnerManagersCRUD" name="test_patch_manager" time="0.048" /><testcase classname="tests.test_multi_location_phase3.TestUnifiedLoginManager" name="test_manager_login_main" time="0.309" /><testcase classname="tests.test_multi_location_phase3.TestUnifiedLoginManager" name="test_manager_login_qa" time="0.278" /><testcase classname="tests.test_multi_location_phase3.TestManagerEndpoints" name="test_manager_me" time="0.043" /><testcase classname="tests.test_multi_location_phase3.TestManagerEndpoints" name="test_manager_bookings_scoped" time="0.725" /><testcase classname="tests.test_multi_location_phase3.TestManagerEndpoints" name="test_manager_revenue_insights" time="0.048" /><testcase classname="tests.test_multi_location_phase3.TestManagerEndpoints" name="test_manager_no_shows" time="0.048" /><testcase classname="tests.test_multi_location_phase3.TestManagerEndpoints" name="test_manager_customers_search" time="0.061" /><testcase classname="tests.test_multi_location_phase3.TestManagerEndpoints" name="test_manager_customer_profile_not_at_salon" time="0.044" /><testcase classname="tests.test_multi_location_phase3.TestManagerEndpoints" name="test_manager_customer_profile_at_salon" time="0.045" /><testcase classname="tests.test_multi_location_phase3.TestManagerEndpoints" name="test_manager_patch_booking_status_own_salon" time="0.050" /><testcase classname="tests.test_multi_location_phase3.TestManagerEndpoints" name="test_manager_patch_booking_status_other_salon" time="0.043" /><testcase classname="tests.test_multi_location_phase3.TestCrossRoleAuth" name="test_owner_token_on_manager_me" time="0.040" /><testcase classname="tests.test_multi_location_phase3.TestCrossRoleAuth" name="test_manager_token_on_owner_salons" time="0.039" /><testcase classname="tests.test_multi_location_phase3.TestCrossRoleAuth" name="test_manager_token_on_owner_stylists" time="0.040" /><testcase classname="tests.test_multi_location_phase3.TestCrossRoleAuth" name="test_manager_token_on_owner_managers" time="0.040" /><testcase classname="tests.test_multi_location_phase3.TestCrossRoleAuth" name="test_manager_token_on_owner_services" time="0.039" /><testcase classname="tests.test_multi_location_phase3.TestArchiveFallthrough" name="test_archive_then_login_falls_through" time="0.399" /><testcase classname="tests.test_multi_location_phase3.TestZCleanup" name="test_cleanup" time="0.213" /></testsuite></testsuites>