<?xml version="1.0" encoding="utf-8"?><testsuites name="pytest tests"><testsuite name="pytest" errors="0" failures="0" skipped="0" tests="14" time="2.540" timestamp="2026-07-01T02:43:11.734382+00:00" hostname="agent-env-1124d24e-237c-4541-813c-48e6a6fb46b4"><testcase classname="tests.test_multi_location_phase2.TestOwnerSalonMenuGet" name="test_get_menu_default_salon" time="0.766" /><testcase classname="tests.test_multi_location_phase2.TestOwnerSalonMenuGet" name="test_get_menu_unknown_salon_404" time="0.058" /><testcase classname="tests.test_multi_location_phase2.TestOwnerSalonMenuGet" name="test_get_menu_requires_auth" time="0.056" /><testcase classname="tests.test_multi_location_phase2.TestOwnerSalonMenuPut" name="test_put_menu_updates_offer_and_override" time="0.229" /><testcase classname="tests.test_multi_location_phase2.TestOwnerSalonMenuPut" name="test_put_menu_unknown_service_silently_skipped" time="0.051" /><testcase classname="tests.test_multi_location_phase2.TestOwnerSalonMenuPut" name="test_put_menu_invalid_salon_404" time="0.057" /><testcase classname="tests.test_multi_location_phase2.TestPublicServicesFilter" name="test_services_no_filter_returns_all" time="0.051" /><testcase classname="tests.test_multi_location_phase2.TestPublicServicesFilter" name="test_services_qa_salon_excludes_off_and_applies_override" time="0.051" /><testcase classname="tests.test_multi_location_phase2.TestPublicServicesFilter" name="test_services_default_salon_no_overrides" time="0.107" /><testcase classname="tests.test_multi_location_phase2.TestBookingsSalonMenuEnforcement" name="test_booking_offered_service_uses_override_price" time="0.376" /><testcase classname="tests.test_multi_location_phase2.TestBookingsSalonMenuEnforcement" name="test_booking_off_service_rejected" time="0.051" /><testcase classname="tests.test_multi_location_phase2.TestBookingsSalonMenuEnforcement" name="test_booking_at_default_salon_uses_base_price" time="0.506" /><testcase classname="tests.test_multi_location_phase2.TestZCleanup" name="test_archive_qa_stylist" time="0.050" /><testcase classname="tests.test_multi_location_phase2.TestZCleanup" name="test_archive_qa_salon" time="0.049" /></testsuite></testsuites>