<?xml version="1.0" encoding="utf-8"?><testsuites name="pytest tests"><testsuite name="pytest" errors="0" failures="0" skipped="0" tests="5" time="1.596" timestamp="2026-06-28T09:53:58.186468+00:00" hostname="agent-env-e9ed9f92-7463-4cfb-90a0-84e025700ddb"><testcase classname="tests.test_stylist_portal_schedule_breaks" name="test_stylist_login_elena_pin_works" time="0.111" /><testcase classname="tests.test_stylist_portal_schedule_breaks" name="test_schedule_selected_day_contains_booking_details" time="0.292" /><testcase classname="tests.test_stylist_portal_schedule_breaks" name="test_one_time_break_reflected_and_excludes_slots" time="0.169" /><testcase classname="tests.test_stylist_portal_schedule_breaks" name="test_recurring_break_add_list_delete" time="0.282" /><testcase classname="tests.test_stylist_portal_schedule_breaks" name="test_working_hours_and_status_regression" time="0.205" /></testsuite></testsuites>